GROUP,PACKAGE,CLASS,INSTRUCTION_MISSED,INSTRUCTION_COVERED,BRANCH_MISSED,BRANCH_COVERED,LINE_MISSED,LINE_COVERED,COMPLEXITY_MISSED,COMPLEXITY_COVERED,METHOD_MISSED,METHOD_COVERED
com.irurueta:irurueta-navigation-inertial,com.irurueta.navigation.inertial.calibration.gyroscope,RobustKnownFrameGyroscopeCalibrator.PreliminaryResult,0,3,0,0,0,1,0,1,0,1
com.irurueta:irurueta-navigation-inertial,com.irurueta.navigation.inertial.calibration.gyroscope,LMedSRobustTurntableGyroscopeCalibrator,22,597,3,9,7,95,3,41,0,38
com.irurueta:irurueta-navigation-inertial,com.irurueta.navigation.inertial.calibration.gyroscope,RANSACRobustEasyGyroscopeCalibrator,24,449,7,17,7,77,7,31,0,26
com.irurueta:irurueta-navigation-inertial,com.irurueta.navigation.inertial.calibration.gyroscope,LMedSRobustKnownBiasAndFrameGyroscopeCalibrator,22,459,3,9,7,109,3,48,0,45
com.irurueta:irurueta-navigation-inertial,com.irurueta.navigation.inertial.calibration.gyroscope,RANSACRobustTurntableGyroscopeCalibrator,28,835,8,16,8,107,8,46,0,42
com.irurueta:irurueta-navigation-inertial,com.irurueta.navigation.inertial.calibration.gyroscope,PROSACRobustKnownBiasEasyGyroscopeCalibrator.new PROSACRobustEstimatorListener() {...},12,58,3,1,3,14,3,11,1,11
com.irurueta:irurueta-navigation-inertial,com.irurueta.navigation.inertial.calibration.gyroscope,RANSACRobustKnownBiasAndFrameGyroscopeCalibrator.new RANSACRobustEstimatorListener() {...},0,66,2,2,0,16,2,11,0,11
com.irurueta:irurueta-navigation-inertial,com.irurueta.navigation.inertial.calibration.gyroscope,LMedSRobustKnownBiasAndFrameGyroscopeCalibrator.new LMedSRobustEstimatorListener() {...},0,62,2,2,0,15,2,10,0,10
com.irurueta:irurueta-navigation-inertial,com.irurueta.navigation.inertial.calibration.gyroscope,MSACRobustKnownBiasEasyGyroscopeCalibrator.new MSACRobustEstimatorListener() {...},0,66,2,2,0,16,2,11,0,11
com.irurueta:irurueta-navigation-inertial,com.irurueta.navigation.inertial.calibration.gyroscope,PROMedSRobustKnownBiasEasyGyroscopeCalibrator,22,604,4,20,7,126,4,51,0,43
com.irurueta:irurueta-navigation-inertial,com.irurueta.navigation.inertial.calibration.gyroscope,RobustKnownBiasEasyGyroscopeCalibrator.PreliminaryResult,0,3,0,0,0,1,0,1,0,1
com.irurueta:irurueta-navigation-inertial,com.irurueta.navigation.inertial.calibration.gyroscope,PROSACRobustKnownBiasAndFrameGyroscopeCalibrator,22,1450,8,28,7,241,8,99,0,89
com.irurueta:irurueta-navigation-inertial,com.irurueta.navigation.inertial.calibration.gyroscope,LMedSRobustKnownBiasTurntableGyroscopeCalibrator,22,597,3,9,7,95,3,41,0,38
com.irurueta:irurueta-navigation-inertial,com.irurueta.navigation.inertial.calibration.gyroscope,PROMedSRobustKnownFrameGyroscopeCalibrator.new PROMedSRobustEstimatorListener() {...},12,58,3,1,3,14,3,11,1,11
com.irurueta:irurueta-navigation-inertial,com.irurueta.navigation.inertial.calibration.gyroscope,RANSACRobustKnownBiasEasyGyroscopeCalibrator.new RANSACRobustEstimatorListener() {...},0,66,2,2,0,16,2,11,0,11
com.irurueta:irurueta-navigation-inertial,com.irurueta.navigation.inertial.calibration.gyroscope,KnownFrameGyroscopeLinearLeastSquaresCalibrator,10,1262,1,75,3,295,1,89,0,52
com.irurueta:irurueta-navigation-inertial,com.irurueta.navigation.inertial.calibration.gyroscope,KnownBiasEasyGyroscopeCalibrator,39,4238,5,219,19,1053,5,271,0,164
com.irurueta:irurueta-navigation-inertial,com.irurueta.navigation.inertial.calibration.gyroscope,MSACRobustTurntableGyroscopeCalibrator,22,593,3,9,7,94,3,41,0,38
com.irurueta:irurueta-navigation-inertial,com.irurueta.navigation.inertial.calibration.gyroscope,LMedSRobustTurntableGyroscopeCalibrator.new LMedSRobustEstimatorListener() {...},12,50,3,1,3,12,3,9,1,9
com.irurueta:irurueta-navigation-inertial,com.irurueta.navigation.inertial.calibration.gyroscope,RobustKnownBiasAndFrameGyroscopeCalibrator.PreliminaryResult,0,3,0,0,0,1,0,1,0,1
com.irurueta:irurueta-navigation-inertial,com.irurueta.navigation.inertial.calibration.gyroscope,RANSACRobustKnownBiasTurntableGyroscopeCalibrator.new RANSACRobustEstimatorListener() {...},0,66,2,2,0,16,2,11,0,11
com.irurueta:irurueta-navigation-inertial,com.irurueta.navigation.inertial.calibration.gyroscope,MSACRobustEasyGyroscopeCalibrator,22,299,3,9,7,63,3,25,0,22
com.irurueta:irurueta-navigation-inertial,com.irurueta.navigation.inertial.calibration.gyroscope,LMedSRobustKnownFrameGyroscopeCalibrator,22,155,3,9,7,45,3,16,0,13
com.irurueta:irurueta-navigation-inertial,com.irurueta.navigation.inertial.calibration.gyroscope,KnownFrameGyroscopeNonLinearLeastSquaresCalibrator,43,3096,7,195,22,804,7,300,0,206
com.irurueta:irurueta-navigation-inertial,com.irurueta.navigation.inertial.calibration.gyroscope,PROMedSRobustKnownBiasAndFrameGyroscopeCalibrator.new PROMedSRobustEstimatorListener() {...},12,58,3,1,3,14,3,11,1,11
com.irurueta:irurueta-navigation-inertial,com.irurueta.navigation.inertial.calibration.gyroscope,PROSACRobustKnownBiasTurntableGyroscopeCalibrator,24,1683,8,28,7,218,8,89,0,79
com.irurueta:irurueta-navigation-inertial,com.irurueta.navigation.inertial.calibration.gyroscope,PROMedSRobustKnownFrameGyroscopeCalibrator,22,283,6,18,7,80,6,31,0,25
com.irurueta:irurueta-navigation-inertial,com.irurueta.navigation.inertial.calibration.gyroscope,KnownBiasTurntableGyroscopeCalibrator.new MultiDimensionFunctionEvaluatorListener() {...},0,11,0,0,0,2,0,2,0,2
com.irurueta:irurueta-navigation-inertial,com.irurueta.navigation.inertial.calibration.gyroscope,KnownBiasTurntableGyroscopeCalibrator.new LevenbergMarquardtMultiDimensionFunctionEvaluator() {...},0,121,0,8,0,21,0,8,0,4
com.irurueta:irurueta-navigation-inertial,com.irurueta.navigation.inertial.calibration.gyroscope,KnownBiasTurntableGyroscopeCalibrator.new MultiDimensionFunctionEvaluatorListener() {...},0,11,0,0,0,2,0,2,0,2
com.irurueta:irurueta-navigation-inertial,com.irurueta.navigation.inertial.calibration.gyroscope,KnownBiasTurntableGyroscopeCalibrator.new LevenbergMarquardtMultiDimensionFunctionEvaluator() {...},0,107,0,4,0,17,0,6,0,4
com.irurueta:irurueta-navigation-inertial,com.irurueta.navigation.inertial.calibration.gyroscope,KnownBiasTurntableGyroscopeCalibrator.new MultiDimensionFunctionEvaluatorListener() {...},0,11,0,0,0,2,0,2,0,2
com.irurueta:irurueta-navigation-inertial,com.irurueta.navigation.inertial.calibration.gyroscope,KnownBiasTurntableGyroscopeCalibrator.new LevenbergMarquardtMultiDimensionFunctionEvaluator() {...},0,78,0,6,0,15,0,7,0,4
com.irurueta:irurueta-navigation-inertial,com.irurueta.navigation.inertial.calibration.gyroscope,KnownBiasTurntableGyroscopeCalibrator.new MultiDimensionFunctionEvaluatorListener() {...},0,11,0,0,0,2,0,2,0,2
com.irurueta:irurueta-navigation-inertial,com.irurueta.navigation.inertial.calibration.gyroscope,KnownBiasTurntableGyroscopeCalibrator.new LevenbergMarquardtMultiDimensionFunctionEvaluator() {...},0,49,0,0,0,8,0,4,0,4
com.irurueta:irurueta-navigation-inertial,com.irurueta.navigation.inertial.calibration.gyroscope,KnownFrameGyroscopeNonLinearLeastSquaresCalibrator.new LevenbergMarquardtMultiVariateFunctionEvaluator() {...},0,615,0,0,0,114,0,5,0,5
com.irurueta:irurueta-navigation-inertial,com.irurueta.navigation.inertial.calibration.gyroscope,KnownFrameGyroscopeNonLinearLeastSquaresCalibrator.new LevenbergMarquardtMultiVariateFunctionEvaluator() {...},0,528,0,0,0,99,0,5,0,5
com.irurueta:irurueta-navigation-inertial,com.irurueta.navigation.inertial.calibration.gyroscope,PROMedSRobustEasyGyroscopeCalibrator.new PROMedSRobustEstimatorListener() {...},12,58,3,1,3,14,3,11,1,11
com.irurueta:irurueta-navigation-inertial,com.irurueta.navigation.inertial.calibration.gyroscope,LMedSRobustKnownBiasEasyGyroscopeCalibrator.new LMedSRobustEstimatorListener() {...},12,50,3,1,3,12,3,9,1,9
com.irurueta:irurueta-navigation-inertial,com.irurueta.navigation.inertial.calibration.gyroscope,RobustKnownBiasTurntableGyroscopeCalibrator,713,7520,46,524,81,1157,51,631,13,285
com.irurueta:irurueta-navigation-inertial,com.irurueta.navigation.inertial.calibration.gyroscope,KnownBiasAndFrameGyroscopeNonLinearLeastSquaresCalibrator.new LevenbergMarquardtMultiVariateFunctionEvaluator() {...},0,459,0,0,0,84,0,5,0,5
com.irurueta:irurueta-navigation-inertial,com.irurueta.navigation.inertial.calibration.gyroscope,KnownBiasAndFrameGyroscopeNonLinearLeastSquaresCalibrator.new LevenbergMarquardtMultiVariateFunctionEvaluator() {...},0,546,0,0,0,99,0,5,0,5
com.irurueta:irurueta-navigation-inertial,com.irurueta.navigation.inertial.calibration.gyroscope,TurntableGyroscopeCalibrator,95,5775,6,320,27,1388,7,387,1,230
com.irurueta:irurueta-navigation-inertial,com.irurueta.navigation.inertial.calibration.gyroscope,PROSACRobustKnownFrameGyroscopeCalibrator.new PROSACRobustEstimatorListener() {...},12,58,3,1,3,14,3,11,1,11
com.irurueta:irurueta-navigation-inertial,com.irurueta.navigation.inertial.calibration.gyroscope,RANSACRobustKnownBiasTurntableGyroscopeCalibrator,28,835,8,16,8,107,8,46,0,42
com.irurueta:irurueta-navigation-inertial,com.irurueta.navigation.inertial.calibration.gyroscope,PROMedSRobustEasyGyroscopeCalibrator,22,604,4,20,7,126,4,51,0,43
com.irurueta:irurueta-navigation-inertial,com.irurueta.navigation.inertial.calibration.gyroscope,PROSACRobustEasyGyroscopeCalibrator.new PROSACRobustEstimatorListener() {...},12,58,3,1,3,14,3,11,1,11
com.irurueta:irurueta-navigation-inertial,com.irurueta.navigation.inertial.calibration.gyroscope,PROMedSRobustKnownBiasTurntableGyroscopeCalibrator.new PROMedSRobustEstimatorListener() {...},12,58,3,1,3,14,3,11,1,11
com.irurueta:irurueta-navigation-inertial,com.irurueta.navigation.inertial.calibration.gyroscope,MSACRobustEasyGyroscopeCalibrator.new MSACRobustEstimatorListener() {...},0,66,2,2,0,16,2,11,0,11
com.irurueta:irurueta-navigation-inertial,com.irurueta.navigation.inertial.calibration.gyroscope,MSACRobustKnownFrameGyroscopeCalibrator,22,151,3,9,7,44,3,16,0,13
com.irurueta:irurueta-navigation-inertial,com.irurueta.navigation.inertial.calibration.gyroscope,RobustKnownFrameGyroscopeCalibrator,150,2624,8,292,35,652,7,345,0,178
com.irurueta:irurueta-navigation-inertial,com.irurueta.navigation.inertial.calibration.gyroscope,KnownBiasAndFrameGyroscopeNonLinearLeastSquaresCalibrator,47,2533,7,123,23,673,7,229,0,171
com.irurueta:irurueta-navigation-inertial,com.irurueta.navigation.inertial.calibration.gyroscope,PROMedSRobustKnownBiasEasyGyroscopeCalibrator.new PROMedSRobustEstimatorListener() {...},12,58,3,1,3,14,3,11,1,11
com.irurueta:irurueta-navigation-inertial,com.irurueta.navigation.inertial.calibration.gyroscope,PROMedSRobustTurntableGyroscopeCalibrator,22,1242,4,20,7,205,4,83,0,75
com.irurueta:irurueta-navigation-inertial,com.irurueta.navigation.inertial.calibration.gyroscope,PROSACRobustTurntableGyroscopeCalibrator,24,1683,8,28,7,218,8,89,0,79
com.irurueta:irurueta-navigation-inertial,com.irurueta.navigation.inertial.calibration.gyroscope,RobustKnownBiasAndFrameGyroscopeCalibrator,243,5140,18,514,44,1010,17,626,2,261
com.irurueta:irurueta-navigation-inertial,com.irurueta.navigation.inertial.calibration.gyroscope,RobustTurntableGyroscopeCalibrator.PreliminaryResult,0,3,0,0,0,1,0,1,0,1
com.irurueta:irurueta-navigation-inertial,com.irurueta.navigation.inertial.calibration.gyroscope,LMedSRobustKnownFrameGyroscopeCalibrator.new LMedSRobustEstimatorListener() {...},12,50,3,1,3,12,3,9,1,9
com.irurueta:irurueta-navigation-inertial,com.irurueta.navigation.inertial.calibration.gyroscope,RANSACRobustKnownFrameGyroscopeCalibrator.new RANSACRobustEstimatorListener() {...},0,66,2,2,0,16,2,11,0,11
com.irurueta:irurueta-navigation-inertial,com.irurueta.navigation.inertial.calibration.gyroscope,KnownBiasTurntableGyroscopeCalibrator,47,4780,2,250,22,1160,3,319,1,195
com.irurueta:irurueta-navigation-inertial,com.irurueta.navigation.inertial.calibration.gyroscope,PROSACRobustKnownBiasAndFrameGyroscopeCalibrator.new PROSACRobustEstimatorListener() {...},0,70,2,2,0,17,2,12,0,12
com.irurueta:irurueta-navigation-inertial,com.irurueta.navigation.inertial.calibration.gyroscope,RANSACRobustEasyGyroscopeCalibrator.new RANSACRobustEstimatorListener() {...},0,66,2,2,0,16,2,11,0,11
com.irurueta:irurueta-navigation-inertial,com.irurueta.navigation.inertial.calibration.gyroscope,LMedSRobustEasyGyroscopeCalibrator,22,303,3,9,7,64,3,25,0,22
com.irurueta:irurueta-navigation-inertial,com.irurueta.navigation.inertial.calibration.gyroscope,MSACRobustKnownBiasEasyGyroscopeCalibrator,22,299,3,9,7,63,3,25,0,22
com.irurueta:irurueta-navigation-inertial,com.irurueta.navigation.inertial.calibration.gyroscope,RobustEasyGyroscopeCalibrator.PreliminaryResult,0,3,0,0,0,1,0,1,0,1
com.irurueta:irurueta-navigation-inertial,com.irurueta.navigation.inertial.calibration.gyroscope,PROSACRobustTurntableGyroscopeCalibrator.new PROSACRobustEstimatorListener() {...},0,70,2,2,0,17,2,12,0,12
com.irurueta:irurueta-navigation-inertial,com.irurueta.navigation.inertial.calibration.gyroscope,RobustKnownBiasTurntableGyroscopeCalibrator.PreliminaryResult,0,3,0,0,0,1,0,1,0,1
com.irurueta:irurueta-navigation-inertial,com.irurueta.navigation.inertial.calibration.gyroscope,GyroscopeCalibratorMeasurementOrSequenceType,0,44,0,0,0,5,0,1,0,1
com.irurueta:irurueta-navigation-inertial,com.irurueta.navigation.inertial.calibration.gyroscope,RANSACRobustKnownFrameGyroscopeCalibrator,22,249,5,19,7,58,5,24,0,17
com.irurueta:irurueta-navigation-inertial,com.irurueta.navigation.inertial.calibration.gyroscope,MSACRobustKnownBiasTurntableGyroscopeCalibrator.new MSACRobustEstimatorListener() {...},0,66,2,2,0,16,2,11,0,11
com.irurueta:irurueta-navigation-inertial,com.irurueta.navigation.inertial.calibration.gyroscope,PROMedSRobustKnownBiasAndFrameGyroscopeCalibrator,22,947,6,18,7,228,6,91,0,85
com.irurueta:irurueta-navigation-inertial,com.irurueta.navigation.inertial.calibration.gyroscope,EasyGyroscopeCalibrator,73,5223,8,288,22,1275,8,339,0,199
com.irurueta:irurueta-navigation-inertial,com.irurueta.navigation.inertial.calibration.gyroscope,MSACRobustKnownFrameGyroscopeCalibrator.new MSACRobustEstimatorListener() {...},0,66,2,2,0,16,2,11,0,11
com.irurueta:irurueta-navigation-inertial,com.irurueta.navigation.inertial.calibration.gyroscope,KnownBiasEasyGyroscopeCalibrator.new LevenbergMarquardtMultiDimensionFunctionEvaluator() {...},0,76,0,4,0,13,0,6,0,4
com.irurueta:irurueta-navigation-inertial,com.irurueta.navigation.inertial.calibration.gyroscope,KnownBiasEasyGyroscopeCalibrator.new MultiDimensionFunctionEvaluatorListener() {...},0,14,0,0,0,2,0,2,0,2
com.irurueta:irurueta-navigation-inertial,com.irurueta.navigation.inertial.calibration.gyroscope,KnownBiasEasyGyroscopeCalibrator.new LevenbergMarquardtMultiDimensionFunctionEvaluator() {...},0,90,0,8,0,17,0,8,0,4
com.irurueta:irurueta-navigation-inertial,com.irurueta.navigation.inertial.calibration.gyroscope,KnownBiasEasyGyroscopeCalibrator.new MultiDimensionFunctionEvaluatorListener() {...},0,14,0,0,0,2,0,2,0,2
com.irurueta:irurueta-navigation-inertial,com.irurueta.navigation.inertial.calibration.gyroscope,MSACRobustKnownBiasTurntableGyroscopeCalibrator,22,593,3,9,7,94,3,41,0,38
com.irurueta:irurueta-navigation-inertial,com.irurueta.navigation.inertial.calibration.gyroscope,KnownBiasEasyGyroscopeCalibrator.new LevenbergMarquardtMultiDimensionFunctionEvaluator() {...},0,39,0,0,0,7,0,4,0,4
com.irurueta:irurueta-navigation-inertial,com.irurueta.navigation.inertial.calibration.gyroscope,KnownBiasEasyGyroscopeCalibrator.new MultiDimensionFunctionEvaluatorListener() {...},0,14,0,0,0,2,0,2,0,2
com.irurueta:irurueta-navigation-inertial,com.irurueta.navigation.inertial.calibration.gyroscope,KnownBiasEasyGyroscopeCalibrator.new LevenbergMarquardtMultiDimensionFunctionEvaluator() {...},0,68,0,6,0,14,0,7,0,4
com.irurueta:irurueta-navigation-inertial,com.irurueta.navigation.inertial.calibration.gyroscope,KnownBiasEasyGyroscopeCalibrator.new MultiDimensionFunctionEvaluatorListener() {...},0,14,0,0,0,2,0,2,0,2
com.irurueta:irurueta-navigation-inertial,com.irurueta.navigation.inertial.calibration.gyroscope,LMedSRobustKnownBiasTurntableGyroscopeCalibrator.new LMedSRobustEstimatorListener() {...},12,50,3,1,3,12,3,9,1,9
com.irurueta:irurueta-navigation-inertial,com.irurueta.navigation.inertial.calibration.gyroscope,RANSACRobustKnownBiasEasyGyroscopeCalibrator,24,449,7,17,7,77,7,31,0,26
com.irurueta:irurueta-navigation-inertial,com.irurueta.navigation.inertial.calibration.gyroscope,PROSACRobustKnownBiasTurntableGyroscopeCalibrator.new PROSACRobustEstimatorListener() {...},0,70,2,2,0,17,2,12,0,12
com.irurueta:irurueta-navigation-inertial,com.irurueta.navigation.inertial.calibration.gyroscope,PROSACRobustEasyGyroscopeCalibrator,24,853,8,28,7,139,8,57,0,47
com.irurueta:irurueta-navigation-inertial,com.irurueta.navigation.inertial.calibration.gyroscope,PROSACRobustKnownBiasEasyGyroscopeCalibrator,24,853,8,28,7,139,8,57,0,47
com.irurueta:irurueta-navigation-inertial,com.irurueta.navigation.inertial.calibration.gyroscope,LMedSRobustEasyGyroscopeCalibrator.new LMedSRobustEstimatorListener() {...},12,50,3,1,3,12,3,9,1,9
com.irurueta:irurueta-navigation-inertial,com.irurueta.navigation.inertial.calibration.gyroscope,MSACRobustKnownBiasAndFrameGyroscopeCalibrator.new MSACRobustEstimatorListener() {...},0,66,2,2,0,16,2,11,0,11
com.irurueta:irurueta-navigation-inertial,com.irurueta.navigation.inertial.calibration.gyroscope,TurntableGyroscopeCalibrator.new LevenbergMarquardtMultiDimensionFunctionEvaluator() {...},0,127,0,6,0,19,0,7,0,4
com.irurueta:irurueta-navigation-inertial,com.irurueta.navigation.inertial.calibration.gyroscope,TurntableGyroscopeCalibrator.new MultiDimensionFunctionEvaluatorListener() {...},0,11,0,0,0,2,0,2,0,2
com.irurueta:irurueta-navigation-inertial,com.irurueta.navigation.inertial.calibration.gyroscope,TurntableGyroscopeCalibrator.new LevenbergMarquardtMultiDimensionFunctionEvaluator() {...},0,95,0,8,0,17,0,8,0,4
com.irurueta:irurueta-navigation-inertial,com.irurueta.navigation.inertial.calibration.gyroscope,TurntableGyroscopeCalibrator.new MultiDimensionFunctionEvaluatorListener() {...},0,11,0,0,0,2,0,2,0,2
com.irurueta:irurueta-navigation-inertial,com.irurueta.navigation.inertial.calibration.gyroscope,TurntableGyroscopeCalibrator.new MultiDimensionFunctionEvaluatorListener() {...},0,11,0,0,0,2,0,2,0,2
com.irurueta:irurueta-navigation-inertial,com.irurueta.navigation.inertial.calibration.gyroscope,TurntableGyroscopeCalibrator.new LevenbergMarquardtMultiDimensionFunctionEvaluator() {...},0,138,0,10,0,23,0,9,0,4
com.irurueta:irurueta-navigation-inertial,com.irurueta.navigation.inertial.calibration.gyroscope,TurntableGyroscopeCalibrator.new MultiDimensionFunctionEvaluatorListener() {...},0,11,0,0,0,2,0,2,0,2
com.irurueta:irurueta-navigation-inertial,com.irurueta.navigation.inertial.calibration.gyroscope,QuaternionIntegrator,5,397,0,6,3,112,1,11,1,8
com.irurueta:irurueta-navigation-inertial,com.irurueta.navigation.inertial.calibration.gyroscope,RobustEasyGyroscopeCalibrator,89,5102,7,449,28,1018,7,526,0,254
com.irurueta:irurueta-navigation-inertial,com.irurueta.navigation.inertial.calibration.gyroscope,TurntableGyroscopeCalibrator.new LevenbergMarquardtMultiDimensionFunctionEvaluator() {...},0,86,0,4,0,14,0,6,0,4
com.irurueta:irurueta-navigation-inertial,com.irurueta.navigation.inertial.calibration.gyroscope,RANSACRobustKnownBiasAndFrameGyroscopeCalibrator,22,745,5,19,7,122,5,56,0,49
com.irurueta:irurueta-navigation-inertial,com.irurueta.navigation.inertial.calibration.gyroscope,EasyGyroscopeCalibrator.new MultiDimensionFunctionEvaluatorListener() {...},0,14,0,0,0,2,0,2,0,2
com.irurueta:irurueta-navigation-inertial,com.irurueta.navigation.inertial.calibration.gyroscope,EasyGyroscopeCalibrator.new LevenbergMarquardtMultiDimensionFunctionEvaluator() {...},0,76,0,4,0,13,0,6,0,4
com.irurueta:irurueta-navigation-inertial,com.irurueta.navigation.inertial.calibration.gyroscope,MSACRobustTurntableGyroscopeCalibrator.new MSACRobustEstimatorListener() {...},0,66,2,2,0,16,2,11,0,11
com.irurueta:irurueta-navigation-inertial,com.irurueta.navigation.inertial.calibration.gyroscope,RANSACRobustTurntableGyroscopeCalibrator.new RANSACRobustEstimatorListener() {...},0,66,2,2,0,16,2,11,0,11
com.irurueta:irurueta-navigation-inertial,com.irurueta.navigation.inertial.calibration.gyroscope,EasyGyroscopeCalibrator.new MultiDimensionFunctionEvaluatorListener() {...},0,14,0,0,0,2,0,2,0,2
com.irurueta:irurueta-navigation-inertial,com.irurueta.navigation.inertial.calibration.gyroscope,EasyGyroscopeCalibrator.new LevenbergMarquardtMultiDimensionFunctionEvaluator() {...},0,107,0,10,0,19,0,9,0,4
com.irurueta:irurueta-navigation-inertial,com.irurueta.navigation.inertial.calibration.gyroscope,EasyGyroscopeCalibrator.new MultiDimensionFunctionEvaluatorListener() {...},0,14,0,0,0,2,0,2,0,2
com.irurueta:irurueta-navigation-inertial,com.irurueta.navigation.inertial.calibration.gyroscope,EasyGyroscopeCalibrator.new LevenbergMarquardtMultiDimensionFunctionEvaluator() {...},0,96,0,6,0,15,0,7,0,4
com.irurueta:irurueta-navigation-inertial,com.irurueta.navigation.inertial.calibration.gyroscope,EasyGyroscopeCalibrator.new MultiDimensionFunctionEvaluatorListener() {...},0,14,0,0,0,2,0,2,0,2
com.irurueta:irurueta-navigation-inertial,com.irurueta.navigation.inertial.calibration.gyroscope,PROSACRobustKnownFrameGyroscopeCalibrator,22,426,8,28,7,93,8,39,0,29
com.irurueta:irurueta-navigation-inertial,com.irurueta.navigation.inertial.calibration.gyroscope,MSACRobustKnownBiasAndFrameGyroscopeCalibrator,22,455,3,9,7,108,3,48,0,45
com.irurueta:irurueta-navigation-inertial,com.irurueta.navigation.inertial.calibration.gyroscope,EasyGyroscopeCalibrator.new LevenbergMarquardtMultiDimensionFunctionEvaluator() {...},0,85,0,8,0,16,0,8,0,4
com.irurueta:irurueta-navigation-inertial,com.irurueta.navigation.inertial.calibration.gyroscope,LMedSRobustKnownBiasEasyGyroscopeCalibrator,22,303,3,9,7,64,3,25,0,22
com.irurueta:irurueta-navigation-inertial,com.irurueta.navigation.inertial.calibration.gyroscope,PROMedSRobustTurntableGyroscopeCalibrator.new PROMedSRobustEstimatorListener() {...},12,58,3,1,3,14,3,11,1,11
com.irurueta:irurueta-navigation-inertial,com.irurueta.navigation.inertial.calibration.gyroscope,RobustKnownBiasEasyGyroscopeCalibrator,54,4641,6,384,25,903,6,459,0,219
com.irurueta:irurueta-navigation-inertial,com.irurueta.navigation.inertial.calibration.gyroscope,RobustTurntableGyroscopeCalibrator,751,8019,48,590,85,1279,53,698,13,320
com.irurueta:irurueta-navigation-inertial,com.irurueta.navigation.inertial.calibration.gyroscope,KnownBiasAndFrameGyroscopeLinearLeastSquaresCalibrator,15,1511,1,79,7,381,1,119,0,80
com.irurueta:irurueta-navigation-inertial,com.irurueta.navigation.inertial.calibration.gyroscope,PROMedSRobustKnownBiasTurntableGyroscopeCalibrator,22,1242,4,20,7,205,4,83,0,75
com.irurueta:irurueta-navigation-inertial,com.irurueta.navigation.inertial,INSLooselyCoupledKalmanInitializerConfig,0,400,4,14,0,110,4,43,0,38
com.irurueta:irurueta-navigation-inertial,com.irurueta.navigation.inertial,INSTightlyCoupledKalmanState,9,2025,20,64,1,541,20,156,0,134
com.irurueta:irurueta-navigation-inertial,com.irurueta.navigation.inertial,INSLooselyCoupledKalmanEpochEstimator,23,2219,0,16,5,424,3,104,3,96
com.irurueta:irurueta-navigation-inertial,com.irurueta.navigation.inertial,INSTightlyCoupledKalmanEpochEstimator,3,1335,2,28,1,287,3,39,1,26
com.irurueta:irurueta-navigation-inertial,com.irurueta.navigation.inertial,INSLooselyCoupledKalmanState,18,1749,17,63,7,467,17,145,0,122
com.irurueta:irurueta-navigation-inertial,com.irurueta.navigation.inertial,INSGNSSException,0,16,0,0,0,8,0,4,0,4
com.irurueta:irurueta-navigation-inertial,com.irurueta.navigation.inertial,BuildInfo,125,0,6,0,34,0,13,0,10,0
com.irurueta:irurueta-navigation-inertial,com.irurueta.navigation.inertial,INSLooselyCoupledKalmanFilteredEstimator,53,1097,8,84,40,356,8,122,0,84
com.irurueta:irurueta-navigation-inertial,com.irurueta.navigation.inertial,BodyKinematics,8,817,7,25,6,201,7,78,0,69
com.irurueta:irurueta-navigation-inertial,com.irurueta.navigation.inertial,ECEFGravity,0,49,0,6,0,19,0,9,0,6
com.irurueta:irurueta-navigation-inertial,com.irurueta.navigation.inertial,BodyMagneticFluxDensity,8,431,5,15,3,111,4,47,0,41
com.irurueta:irurueta-navigation-inertial,com.irurueta.navigation.inertial,INSGNSSLooselyCoupledKalmanFilteredEstimator.new INSLooselyCoupledKalmanFilteredEstimatorListener() {...},0,51,4,4,0,14,4,6,0,6
com.irurueta:irurueta-navigation-inertial,com.irurueta.navigation.inertial,INSGNSSTightlyCoupledKalmanFilteredEstimator,86,1258,11,101,46,397,11,134,0,89
com.irurueta:irurueta-navigation-inertial,com.irurueta.navigation.inertial,RadiiOfCurvature,0,202,1,11,0,60,1,28,0,23
com.irurueta:irurueta-navigation-inertial,com.irurueta.navigation.inertial,ECIGravitation,0,49,0,6,0,19,0,9,0,6
com.irurueta:irurueta-navigation-inertial,com.irurueta.navigation.inertial,INSTightlyCoupledKalmanInitializerConfig,0,532,6,16,0,143,6,53,0,48
com.irurueta:irurueta-navigation-inertial,com.irurueta.navigation.inertial,BodyKinematicsAndMagneticFluxDensity,0,184,5,27,0,50,5,27,0,16
com.irurueta:irurueta-navigation-inertial,com.irurueta.navigation.inertial,INSGNSSLooselyCoupledKalmanFilteredEstimator,110,1261,14,94,54,386,14,130,0,90
com.irurueta:irurueta-navigation-inertial,com.irurueta.navigation.inertial,INSLooselyCoupledKalmanInitializer,5,126,1,13,3,30,2,8,1,2
com.irurueta:irurueta-navigation-inertial,com.irurueta.navigation.inertial,INSTightlyCoupledKalmanInitializer,5,150,1,13,3,36,2,8,1,2
com.irurueta:irurueta-navigation-inertial,com.irurueta.navigation.inertial,InertialException,0,16,0,0,0,8,0,4,0,4
com.irurueta:irurueta-navigation-inertial,com.irurueta.navigation.inertial,GravityOrGravitation,4,347,3,11,3,89,3,37,0,33
com.irurueta:irurueta-navigation-inertial,com.irurueta.navigation.inertial,INSLooselyCoupledKalmanConfig,0,358,5,15,0,94,5,36,0,31
com.irurueta:irurueta-navigation-inertial,com.irurueta.navigation.inertial,INSTightlyCoupledKalmanConfig,0,430,7,17,0,110,7,40,0,35
com.irurueta:irurueta-navigation-inertial,com.irurueta.navigation.inertial,NEDGravity,8,319,4,14,3,91,3,40,0,34
com.irurueta:irurueta-navigation-inertial,com.irurueta.navigation.inertial,INSException,0,16,0,0,0,8,0,4,0,4
com.irurueta:irurueta-navigation-inertial,com.irurueta.navigation.inertial.calibration.magnetometer,KnownHardIronAndFrameMagnetometerNonLinearLeastSquaresCalibrator.new LevenbergMarquardtMultiVariateFunctionEvaluator() {...},0,226,0,0,0,42,0,5,0,5
com.irurueta:irurueta-navigation-inertial,com.irurueta.navigation.inertial.calibration.magnetometer,KnownHardIronAndFrameMagnetometerNonLinearLeastSquaresCalibrator.new LevenbergMarquardtMultiVariateFunctionEvaluator() {...},0,313,0,0,0,57,0,5,0,5
com.irurueta:irurueta-navigation-inertial,com.irurueta.navigation.inertial.calibration.magnetometer,PROMedSRobustKnownHardIronAndFrameMagnetometerCalibrator,30,277,6,18,9,79,6,31,0,25
com.irurueta:irurueta-navigation-inertial,com.irurueta.navigation.inertial.calibration.magnetometer,PROMedSRobustKnownFrameMagnetometerCalibrator,30,277,6,18,9,79,6,31,0,25
com.irurueta:irurueta-navigation-inertial,com.irurueta.navigation.inertial.calibration.magnetometer,KnownHardIronAndFrameMagnetometerNonLinearLeastSquaresCalibrator,26,2624,2,114,14,705,2,251,0,195
com.irurueta:irurueta-navigation-inertial,com.irurueta.navigation.inertial.calibration.magnetometer,KnownPositionAndInstantMagnetometerCalibrator.new MultiDimensionFunctionEvaluatorListener() {...},0,11,0,0,0,2,0,2,0,2
com.irurueta:irurueta-navigation-inertial,com.irurueta.navigation.inertial.calibration.magnetometer,KnownPositionAndInstantMagnetometerCalibrator.new LevenbergMarquardtMultiDimensionFunctionEvaluator() {...},0,95,0,8,0,17,0,8,0,4
com.irurueta:irurueta-navigation-inertial,com.irurueta.navigation.inertial.calibration.magnetometer,KnownPositionAndInstantMagnetometerCalibrator.new MultiDimensionFunctionEvaluatorListener() {...},0,11,0,0,0,2,0,2,0,2
com.irurueta:irurueta-navigation-inertial,com.irurueta.navigation.inertial.calibration.magnetometer,KnownPositionAndInstantMagnetometerCalibrator.new LevenbergMarquardtMultiDimensionFunctionEvaluator() {...},0,86,0,4,0,14,0,6,0,4
com.irurueta:irurueta-navigation-inertial,com.irurueta.navigation.inertial.calibration.magnetometer,RANSACRobustKnownHardIronAndFrameMagnetometerCalibrator,26,247,6,18,8,58,6,23,0,17
com.irurueta:irurueta-navigation-inertial,com.irurueta.navigation.inertial.calibration.magnetometer,RobustKnownFrameMagnetometerCalibrator.PreliminaryResult,0,3,0,0,0,1,0,1,0,1
com.irurueta:irurueta-navigation-inertial,com.irurueta.navigation.inertial.calibration.magnetometer,MSACRobustKnownHardIronAndFrameMagnetometerCalibrator,26,149,4,8,8,44,4,15,0,13
com.irurueta:irurueta-navigation-inertial,com.irurueta.navigation.inertial.calibration.magnetometer,MSACRobustKnownHardIronPositionAndInstantMagnetometerCalibrator.new MSACRobustEstimatorListener() {...},0,66,2,2,0,16,2,11,0,11
com.irurueta:irurueta-navigation-inertial,com.irurueta.navigation.inertial.calibration.magnetometer,PROSACRobustKnownHardIronPositionAndInstantMagnetometerCalibrator.new PROSACRobustEstimatorListener() {...},12,58,3,1,3,14,3,11,1,11
com.irurueta:irurueta-navigation-inertial,com.irurueta.navigation.inertial.calibration.magnetometer,KnownFrameMagnetometerLinearLeastSquaresCalibrator,10,1179,1,79,3,292,1,99,0,60
com.irurueta:irurueta-navigation-inertial,com.irurueta.navigation.inertial.calibration.magnetometer,MSACRobustKnownHardIronPositionAndInstantMagnetometerCalibrator,22,483,3,9,7,113,3,50,0,47
com.irurueta:irurueta-navigation-inertial,com.irurueta.navigation.inertial.calibration.magnetometer,PROSACRobustKnownFrameMagnetometerCalibrator,30,420,8,28,9,92,8,39,0,29
com.irurueta:irurueta-navigation-inertial,com.irurueta.navigation.inertial.calibration.magnetometer,KnownFrameMagnetometerNonLinearLeastSquaresCalibrator.new LevenbergMarquardtMultiVariateFunctionEvaluator() {...},0,295,0,0,0,57,0,5,0,5
com.irurueta:irurueta-navigation-inertial,com.irurueta.navigation.inertial.calibration.magnetometer,KnownFrameMagnetometerNonLinearLeastSquaresCalibrator.new LevenbergMarquardtMultiVariateFunctionEvaluator() {...},0,382,0,0,0,72,0,5,0,5
com.irurueta:irurueta-navigation-inertial,com.irurueta.navigation.inertial.calibration.magnetometer,RANSACRobustKnownFrameMagnetometerCalibrator.new RANSACRobustEstimatorListener() {...},0,66,2,2,0,16,2,11,0,11
com.irurueta:irurueta-navigation-inertial,com.irurueta.navigation.inertial.calibration.magnetometer,PROMedSRobustKnownPositionAndInstantMagnetometerCalibrator,26,1024,6,18,8,244,6,97,0,91
com.irurueta:irurueta-navigation-inertial,com.irurueta.navigation.inertial.calibration.magnetometer,LMedSRobustKnownHardIronPositionAndInstantMagnetometerCalibrator.new LMedSRobustEstimatorListener() {...},12,50,3,1,3,12,3,9,1,9
com.irurueta:irurueta-navigation-inertial,com.irurueta.navigation.inertial.calibration.magnetometer,RobustKnownHardIronPositionAndInstantMagnetometerCalibrator,48,5879,8,576,22,1069,8,685,0,278
com.irurueta:irurueta-navigation-inertial,com.irurueta.navigation.inertial.calibration.magnetometer,RobustKnownHardIronAndFrameMagnetometerCalibrator,52,2155,10,214,19,512,10,260,0,134
com.irurueta:irurueta-navigation-inertial,com.irurueta.navigation.inertial.calibration.magnetometer,LMedSRobustKnownFrameMagnetometerCalibrator.new LMedSRobustEstimatorListener() {...},0,62,2,2,0,15,2,10,0,10
com.irurueta:irurueta-navigation-inertial,com.irurueta.navigation.inertial.calibration.magnetometer,RobustKnownFrameMagnetometerCalibrator,67,2703,13,281,22,638,13,327,0,169
com.irurueta:irurueta-navigation-inertial,com.irurueta.navigation.inertial.calibration.magnetometer,RANSACRobustKnownPositionAndInstantMagnetometerCalibrator,22,785,5,19,7,127,5,58,0,51
com.irurueta:irurueta-navigation-inertial,com.irurueta.navigation.inertial.calibration.magnetometer,LMedSRobustKnownHardIronAndFrameMagnetometerCalibrator.new LMedSRobustEstimatorListener() {...},0,62,2,2,0,15,2,10,0,10
com.irurueta:irurueta-navigation-inertial,com.irurueta.navigation.inertial.calibration.magnetometer,KnownFrameMagnetometerNonLinearLeastSquaresCalibrator,99,3110,13,175,25,822,13,311,0,230
com.irurueta:irurueta-navigation-inertial,com.irurueta.navigation.inertial.calibration.magnetometer,RANSACRobustKnownHardIronPositionAndInstantMagnetometerCalibrator,22,785,5,19,7,127,5,58,0,51
com.irurueta:irurueta-navigation-inertial,com.irurueta.navigation.inertial.calibration.magnetometer,MSACRobustKnownHardIronAndFrameMagnetometerCalibrator.new MSACRobustEstimatorListener() {...},0,66,2,2,0,16,2,11,0,11
com.irurueta:irurueta-navigation-inertial,com.irurueta.navigation.inertial.calibration.magnetometer,KnownHardIronPositionAndInstantMagnetometerCalibrator,38,2237,5,151,16,582,5,216,0,143
com.irurueta:irurueta-navigation-inertial,com.irurueta.navigation.inertial.calibration.magnetometer,LMedSRobustKnownPositionAndInstantMagnetometerCalibrator.new LMedSRobustEstimatorListener() {...},12,50,3,1,3,12,3,9,1,9
com.irurueta:irurueta-navigation-inertial,com.irurueta.navigation.inertial.calibration.magnetometer,PROMedSRobustKnownHardIronAndFrameMagnetometerCalibrator.new PROMedSRobustEstimatorListener() {...},12,58,3,1,3,14,3,11,1,11
com.irurueta:irurueta-navigation-inertial,com.irurueta.navigation.inertial.calibration.magnetometer,PROSACRobustKnownHardIronAndFrameMagnetometerCalibrator.new PROSACRobustEstimatorListener() {...},0,70,2,2,0,17,2,12,0,12
com.irurueta:irurueta-navigation-inertial,com.irurueta.navigation.inertial.calibration.magnetometer,MSACRobustKnownFrameMagnetometerCalibrator.new MSACRobustEstimatorListener() {...},0,66,2,2,0,16,2,11,0,11
com.irurueta:irurueta-navigation-inertial,com.irurueta.navigation.inertial.calibration.magnetometer,PROMedSRobustKnownPositionAndInstantMagnetometerCalibrator.new PROMedSRobustEstimatorListener() {...},12,58,3,1,3,14,3,11,1,11
com.irurueta:irurueta-navigation-inertial,com.irurueta.navigation.inertial.calibration.magnetometer,PROSACRobustKnownPositionAndInstantMagnetometerCalibrator.new PROSACRobustEstimatorListener() {...},12,58,3,1,3,14,3,11,1,11
com.irurueta:irurueta-navigation-inertial,com.irurueta.navigation.inertial.calibration.magnetometer,PROMedSRobustKnownFrameMagnetometerCalibrator.new PROMedSRobustEstimatorListener() {...},12,58,3,1,3,14,3,11,1,11
com.irurueta:irurueta-navigation-inertial,com.irurueta.navigation.inertial.calibration.magnetometer,RANSACRobustKnownPositionAndInstantMagnetometerCalibrator.new RANSACRobustEstimatorListener() {...},0,66,2,2,0,16,2,11,0,11
com.irurueta:irurueta-navigation-inertial,com.irurueta.navigation.inertial.calibration.magnetometer,MagnetometerCalibratorMeasurementType,0,34,0,0,0,4,0,1,0,1
com.irurueta:irurueta-navigation-inertial,com.irurueta.navigation.inertial.calibration.magnetometer,RANSACRobustKnownHardIronPositionAndInstantMagnetometerCalibrator.new RANSACRobustEstimatorListener() {...},0,66,2,2,0,16,2,11,0,11
com.irurueta:irurueta-navigation-inertial,com.irurueta.navigation.inertial.calibration.magnetometer,RANSACRobustKnownFrameMagnetometerCalibrator,26,247,6,18,8,58,6,23,0,17
com.irurueta:irurueta-navigation-inertial,com.irurueta.navigation.inertial.calibration.magnetometer,KnownHardIronPositionAndInstantMagnetometerCalibrator.new MultiDimensionFunctionEvaluatorListener() {...},0,11,0,0,0,2,0,2,0,2
com.irurueta:irurueta-navigation-inertial,com.irurueta.navigation.inertial.calibration.magnetometer,KnownHardIronPositionAndInstantMagnetometerCalibrator.new MultiDimensionFunctionEvaluatorListener() {...},0,11,0,0,0,2,0,2,0,2
com.irurueta:irurueta-navigation-inertial,com.irurueta.navigation.inertial.calibration.magnetometer,KnownHardIronPositionAndInstantMagnetometerCalibrator.new LevenbergMarquardtMultiDimensionFunctionEvaluator() {...},0,49,0,0,0,8,0,4,0,4
com.irurueta:irurueta-navigation-inertial,com.irurueta.navigation.inertial.calibration.magnetometer,KnownHardIronPositionAndInstantMagnetometerCalibrator.new LevenbergMarquardtMultiDimensionFunctionEvaluator() {...},0,78,0,6,0,15,0,7,0,4
com.irurueta:irurueta-navigation-inertial,com.irurueta.navigation.inertial.calibration.magnetometer,LMedSRobustKnownHardIronPositionAndInstantMagnetometerCalibrator,22,487,3,9,7,114,3,50,0,47
com.irurueta:irurueta-navigation-inertial,com.irurueta.navigation.inertial.calibration.magnetometer,RobustKnownPositionAndInstantMagnetometerCalibrator.PreliminaryResult,0,3,0,0,0,1,0,1,0,1
com.irurueta:irurueta-navigation-inertial,com.irurueta.navigation.inertial.calibration.magnetometer,LMedSRobustKnownHardIronAndFrameMagnetometerCalibrator,26,153,4,8,8,45,4,15,0,13
com.irurueta:irurueta-navigation-inertial,com.irurueta.navigation.inertial.calibration.magnetometer,LMedSRobustKnownPositionAndInstantMagnetometerCalibrator,22,487,3,9,7,114,3,50,0,47
com.irurueta:irurueta-navigation-inertial,com.irurueta.navigation.inertial.calibration.magnetometer,MSACRobustKnownPositionAndInstantMagnetometerCalibrator,22,483,3,9,7,113,3,50,0,47
com.irurueta:irurueta-navigation-inertial,com.irurueta.navigation.inertial.calibration.magnetometer,KnownPositionAndInstantMagnetometerCalibrator,37,3066,8,216,16,768,8,282,0,178
com.irurueta:irurueta-navigation-inertial,com.irurueta.navigation.inertial.calibration.magnetometer,PROSACRobustKnownHardIronAndFrameMagnetometerCalibrator,30,420,8,28,9,92,8,39,0,29
com.irurueta:irurueta-navigation-inertial,com.irurueta.navigation.inertial.calibration.magnetometer,KnownHardIronAndFrameMagnetometerLinearLeastSquaresCalibrator,20,1844,3,81,9,508,3,159,0,120
com.irurueta:irurueta-navigation-inertial,com.irurueta.navigation.inertial.calibration.magnetometer,PROSACRobustKnownHardIronPositionAndInstantMagnetometerCalibrator,26,1563,8,28,8,257,8,105,0,95
com.irurueta:irurueta-navigation-inertial,com.irurueta.navigation.inertial.calibration.magnetometer,RANSACRobustKnownHardIronAndFrameMagnetometerCalibrator.new RANSACRobustEstimatorListener() {...},0,66,2,2,0,16,2,11,0,11
com.irurueta:irurueta-navigation-inertial,com.irurueta.navigation.inertial.calibration.magnetometer,PROSACRobustKnownFrameMagnetometerCalibrator.new PROSACRobustEstimatorListener() {...},0,70,2,2,0,17,2,12,0,12
com.irurueta:irurueta-navigation-inertial,com.irurueta.navigation.inertial.calibration.magnetometer,RobustKnownPositionAndInstantMagnetometerCalibrator,60,6433,11,643,23,1197,11,752,0,313
com.irurueta:irurueta-navigation-inertial,com.irurueta.navigation.inertial.calibration.magnetometer,PROSACRobustKnownPositionAndInstantMagnetometerCalibrator,26,1563,8,28,8,257,8,105,0,95
com.irurueta:irurueta-navigation-inertial,com.irurueta.navigation.inertial.calibration.magnetometer,MSACRobustKnownFrameMagnetometerCalibrator,26,149,4,8,8,44,4,15,0,13
com.irurueta:irurueta-navigation-inertial,com.irurueta.navigation.inertial.calibration.magnetometer,PROMedSRobustKnownHardIronPositionAndInstantMagnetometerCalibrator.new PROMedSRobustEstimatorListener() {...},12,58,3,1,3,14,3,11,1,11
com.irurueta:irurueta-navigation-inertial,com.irurueta.navigation.inertial.calibration.magnetometer,LMedSRobustKnownFrameMagnetometerCalibrator,26,153,4,8,8,45,4,15,0,13
com.irurueta:irurueta-navigation-inertial,com.irurueta.navigation.inertial.calibration.magnetometer,MSACRobustKnownPositionAndInstantMagnetometerCalibrator.new MSACRobustEstimatorListener() {...},0,66,2,2,0,16,2,11,0,11
com.irurueta:irurueta-navigation-inertial,com.irurueta.navigation.inertial.calibration.magnetometer,PROMedSRobustKnownHardIronPositionAndInstantMagnetometerCalibrator,26,1024,6,18,8,244,6,97,0,91
com.irurueta:irurueta-navigation-inertial,com.irurueta.navigation.inertial.calibration,Triad,5,359,4,28,2,87,4,40,0,28
com.irurueta:irurueta-navigation-inertial,com.irurueta.navigation.inertial.calibration,FrameBodyKinematics,22,474,17,47,4,140,15,62,0,45
com.irurueta:irurueta-navigation-inertial,com.irurueta.navigation.inertial.calibration,BodyKinematicsGenerator,2,628,2,26,2,133,2,26,0,14
com.irurueta:irurueta-navigation-inertial,com.irurueta.navigation.inertial.calibration,AngularSpeedTriad,0,166,0,0,0,43,0,19,0,19
com.irurueta:irurueta-navigation-inertial,com.irurueta.navigation.inertial.calibration,BodyKinematicsSequence,13,571,11,27,2,157,11,60,0,52
com.irurueta:irurueta-navigation-inertial,com.irurueta.navigation.inertial.calibration,StandardDeviationFrameBodyMagneticFluxDensity,19,371,7,11,5,130,5,57,1,52
com.irurueta:irurueta-navigation-inertial,com.irurueta.navigation.inertial.calibration,TimeIntervalEstimator,2,336,5,31,1,86,5,37,0,24
com.irurueta:irurueta-navigation-inertial,com.irurueta.navigation.inertial.calibration,StandardDeviationBodyMagneticFluxDensity,0,166,3,21,0,49,3,25,0,16
com.irurueta:irurueta-navigation-inertial,com.irurueta.navigation.inertial.calibration,TimedBodyKinematics,3,199,5,17,0,58,4,29,0,22
com.irurueta:irurueta-navigation-inertial,com.irurueta.navigation.inertial.calibration,AccelerationTriad,0,166,0,0,0,43,0,19,0,19
com.irurueta:irurueta-navigation-inertial,com.irurueta.navigation.inertial.calibration,IMUErrorsCreator,0,159,7,13,0,48,7,20,0,17
com.irurueta:irurueta-navigation-inertial,com.irurueta.navigation.inertial.calibration,BodyMagneticFluxDensityGenerator,10,161,3,7,4,39,3,7,0,5
com.irurueta:irurueta-navigation-inertial,com.irurueta.navigation.inertial.calibration,FrameBodyMagneticFluxDensity,11,399,10,32,2,126,9,57,0,45
com.irurueta:irurueta-navigation-inertial,com.irurueta.navigation.inertial.calibration,AngularRateFixer,3,1757,3,83,3,392,3,128,0,88
com.irurueta:irurueta-navigation-inertial,com.irurueta.navigation.inertial.calibration,StandardDeviationBodyKinematics,0,282,4,24,0,78,4,38,0,28
com.irurueta:irurueta-navigation-inertial,com.irurueta.navigation.inertial.calibration,StandardDeviationFrameBodyKinematics,19,727,8,14,5,242,6,86,1,80
com.irurueta:irurueta-navigation-inertial,com.irurueta.navigation.inertial.calibration,BodyKinematicsFixer,0,641,0,0,0,198,0,110,0,110
com.irurueta:irurueta-navigation-inertial,com.irurueta.navigation.inertial.calibration,StandardDeviationTimedBodyKinematics,0,338,2,16,0,105,2,45,0,38
com.irurueta:irurueta-navigation-inertial,com.irurueta.navigation.inertial.calibration,AccelerationFixer,3,1399,1,65,3,332,1,115,0,83
com.irurueta:irurueta-navigation-inertial,com.irurueta.navigation.inertial.calibration,TimedBodyKinematicsAndMagneticFluxDensity,0,227,1,9,0,71,1,33,0,29
com.irurueta:irurueta-navigation-inertial,com.irurueta.navigation.inertial.calibration,MagneticFluxDensityTriad,0,166,0,0,0,44,0,19,0,19
com.irurueta:irurueta-navigation-inertial,com.irurueta.navigation.inertial.calibration,IMUErrors,3,889,8,68,3,239,8,90,0,60
com.irurueta:irurueta-navigation-inertial,com.irurueta.navigation.inertial.calibration,BodyKinematicsSequence.new Comparator() {...},0,16,0,0,0,4,0,2,0,2
com.irurueta:irurueta-navigation-inertial,com.irurueta.navigation.inertial.calibration,MagneticFluxDensityFixer,3,1562,1,71,3,368,1,125,0,90
com.irurueta:irurueta-navigation-inertial,com.irurueta.navigation.inertial.calibration,CalibrationException,0,16,0,0,0,8,0,4,0,4
com.irurueta:irurueta-navigation-inertial,com.irurueta.navigation.inertial.navigators,InertialNavigatorException,0,16,0,0,0,8,0,4,0,4
com.irurueta:irurueta-navigation-inertial,com.irurueta.navigation.inertial.navigators,NEDInertialNavigator,11,5375,0,6,7,829,0,323,0,320
com.irurueta:irurueta-navigation-inertial,com.irurueta.navigation.inertial.navigators,ECIInertialNavigator,14,2714,2,4,8,430,2,160,0,159
com.irurueta:irurueta-navigation-inertial,com.irurueta.navigation.inertial.navigators,ECEFInertialNavigator,11,5737,0,6,7,905,0,346,0,343
com.irurueta:irurueta-navigation-inertial,com.irurueta.navigation.inertial.calibration.noise,WindowedAngularSpeedTriadNoiseEstimator,0,39,0,0,0,10,0,8,0,8
com.irurueta:irurueta-navigation-inertial,com.irurueta.navigation.inertial.calibration.noise,WindowedAccelerationTriadNoiseEstimator,0,39,0,0,0,10,0,8,0,8
com.irurueta:irurueta-navigation-inertial,com.irurueta.navigation.inertial.calibration.noise,AccumulatedMagneticFluxDensityTriadNoiseEstimator,7,30,0,0,1,8,1,6,1,6
com.irurueta:irurueta-navigation-inertial,com.irurueta.navigation.inertial.calibration.noise,AccumulatedAccelerationTriadNoiseEstimator,7,33,0,0,1,9,1,7,1,7
com.irurueta:irurueta-navigation-inertial,com.irurueta.navigation.inertial.calibration.noise,AccumulatedBodyKinematicsNoiseEstimator,1,780,5,21,0,219,5,120,0,112
com.irurueta:irurueta-navigation-inertial,com.irurueta.navigation.inertial.calibration.noise,WindowedBodyKinematicsNoiseEstimator,0,1423,3,47,0,359,3,142,0,120
com.irurueta:irurueta-navigation-inertial,com.irurueta.navigation.inertial.calibration.noise,WindowedMagneticFluxDensityTriadNoiseEstimator,0,36,0,0,0,9,0,7,0,7
com.irurueta:irurueta-navigation-inertial,com.irurueta.navigation.inertial.calibration.noise,AccumulatedAngularSpeedMeasurementNoiseEstimator,0,29,0,0,0,9,0,6,0,6
com.irurueta:irurueta-navigation-inertial,com.irurueta.navigation.inertial.calibration.noise,WindowedAccelerationMeasurementNoiseEstimator,0,29,0,0,0,9,0,6,0,6
com.irurueta:irurueta-navigation-inertial,com.irurueta.navigation.inertial.calibration.noise,AccumulatedTriadNoiseEstimator,0,711,0,24,0,162,0,71,0,59
com.irurueta:irurueta-navigation-inertial,com.irurueta.navigation.inertial.calibration.noise,AccumulatedMagneticFluxDensityMeasurementNoiseEstimator,0,26,0,0,0,8,0,5,0,5
com.irurueta:irurueta-navigation-inertial,com.irurueta.navigation.inertial.calibration.noise,WindowedAngularSpeedMeasurementNoiseEstimator,0,29,0,0,0,9,0,6,0,6
com.irurueta:irurueta-navigation-inertial,com.irurueta.navigation.inertial.calibration.noise,AccumulatedAngularSpeedTriadNoiseEstimator,7,33,0,0,1,9,1,7,1,7
com.irurueta:irurueta-navigation-inertial,com.irurueta.navigation.inertial.calibration.noise,AccumulatedAccelerationMeasurementNoiseEstimator,0,29,0,0,0,9,0,6,0,6
com.irurueta:irurueta-navigation-inertial,com.irurueta.navigation.inertial.calibration.noise,WindowedMagneticFluxDensityMeasurementNoiseEstimator,0,26,0,0,0,8,0,5,0,5
com.irurueta:irurueta-navigation-inertial,com.irurueta.navigation.inertial.calibration.noise,WindowedMeasurementNoiseEstimator,4,525,4,48,1,137,4,60,0,38
com.irurueta:irurueta-navigation-inertial,com.irurueta.navigation.inertial.calibration.noise,AccumulatedMeasurementNoiseEstimator,2,317,4,20,1,81,4,33,0,25
com.irurueta:irurueta-navigation-inertial,com.irurueta.navigation.inertial.calibration.noise,WindowedTriadNoiseEstimator,4,844,1,47,1,213,1,93,0,70
com.irurueta:irurueta-navigation-inertial,com.irurueta.navigation.inertial.calibration.bias,BodyKinematicsBiasEstimator,16,2249,5,83,13,609,5,219,0,180
com.irurueta:irurueta-navigation-inertial,com.irurueta.navigation.inertial.calibration.bias,BodyMagneticFluxDensityBiasEstimator,8,2093,5,83,2,576,5,209,0,170
com.irurueta:irurueta-navigation-inertial,com.irurueta.navigation.inertial.calibration.generators,AccelerometerAndGyroscopeMeasurementsGenerator.new GyroscopeMeasurementsGeneratorListener() {...},0,87,7,7,0,24,7,10,0,10
com.irurueta:irurueta-navigation-inertial,com.irurueta.navigation.inertial.calibration.generators,AccelerometerAndGyroscopeMeasurementsGenerator.new AccelerometerMeasurementsGeneratorListener() {...},0,37,2,2,0,14,2,10,0,10
com.irurueta:irurueta-navigation-inertial,com.irurueta.navigation.inertial.calibration.generators,MagnetometerMeasurementsGenerator,1,114,1,7,1,30,1,12,0,9
com.irurueta:irurueta-navigation-inertial,com.irurueta.navigation.inertial.calibration.generators,MeasurementsGenerator,1,414,2,41,1,129,2,65,0,45
com.irurueta:irurueta-navigation-inertial,com.irurueta.navigation.inertial.calibration.generators,AccelerometerGyroscopeAndMagnetometerMeasurementsGenerator.new AccelerometerMeasurementsGeneratorListener() {...},0,37,2,2,0,14,2,10,0,10
com.irurueta:irurueta-navigation-inertial,com.irurueta.navigation.inertial.calibration.generators,AccelerometerGyroscopeAndMagnetometerMeasurementsGenerator.new GyroscopeMeasurementsGeneratorListener() {...},0,26,1,1,0,12,1,10,0,10
com.irurueta:irurueta-navigation-inertial,com.irurueta.navigation.inertial.calibration.generators,AccelerometerGyroscopeAndMagnetometerMeasurementsGenerator.new MagnetometerMeasurementsGeneratorListener() {...},0,87,7,7,0,24,7,10,0,10
com.irurueta:irurueta-navigation-inertial,com.irurueta.navigation.inertial.calibration.generators,AccelerometerGyroscopeAndMagnetometerMeasurementsGenerator,0,484,3,31,0,135,3,65,0,51
com.irurueta:irurueta-navigation-inertial,com.irurueta.navigation.inertial.calibration.generators,AccelerometerMeasurementsGenerator,0,56,1,3,0,20,1,9,0,8
com.irurueta:irurueta-navigation-inertial,com.irurueta.navigation.inertial.calibration.generators,AccelerometerAndGyroscopeMeasurementsGenerator,0,417,2,30,0,120,2,65,0,51
com.irurueta:irurueta-navigation-inertial,com.irurueta.navigation.inertial.calibration.generators,MeasurementsGenerator.new AccelerationTriadStaticIntervalDetectorListener() {...},0,120,7,9,0,28,7,8,0,7
com.irurueta:irurueta-navigation-inertial,com.irurueta.navigation.inertial.calibration.generators,GyroscopeMeasurementsGenerator,1,331,5,17,1,89,5,26,0,20
com.irurueta:irurueta-navigation-inertial,com.irurueta.navigation.inertial.calibration.intervals,TriadStaticIntervalDetector.ErrorReason,0,24,0,0,0,3,0,1,0,1
com.irurueta:irurueta-navigation-inertial,com.irurueta.navigation.inertial.calibration.intervals,AccelerationTriadStaticIntervalDetector,0,44,0,0,0,9,0,7,0,7
com.irurueta:irurueta-navigation-inertial,com.irurueta.navigation.inertial.calibration.intervals,AngularSpeedTriadStaticIntervalDetector,0,44,0,0,0,9,0,7,0,7
com.irurueta:irurueta-navigation-inertial,com.irurueta.navigation.inertial.calibration.intervals,TriadStaticIntervalDetector,4,1041,10,59,1,259,10,107,0,82
com.irurueta:irurueta-navigation-inertial,com.irurueta.navigation.inertial.calibration.intervals,MagneticFluxDensityTriadStaticIntervalDetector,0,41,0,0,0,8,0,6,0,6
com.irurueta:irurueta-navigation-inertial,com.irurueta.navigation.inertial.calibration.intervals,TriadStaticIntervalDetector.Status,0,64,0,0,0,7,0,1,0,1
com.irurueta:irurueta-navigation-inertial,com.irurueta.navigation.inertial.wmm,EarthMagneticFluxDensityEstimator,0,138,0,0,0,35,0,11,0,11
com.irurueta:irurueta-navigation-inertial,com.irurueta.navigation.inertial.wmm,WorldMagneticModel,0,30,0,0,0,7,0,1,0,1
com.irurueta:irurueta-navigation-inertial,com.irurueta.navigation.inertial.wmm,WMMLoader,3,419,1,11,1,62,2,11,1,6
com.irurueta:irurueta-navigation-inertial,com.irurueta.navigation.inertial.wmm,NEDMagneticFluxDensity,8,431,5,15,3,110,4,47,0,41
com.irurueta:irurueta-navigation-inertial,com.irurueta.navigation.inertial.wmm,WMMEarthMagneticFluxDensityEstimator,226,2524,8,52,43,408,18,163,12,139
com.irurueta:irurueta-navigation-inertial,com.irurueta.navigation.inertial.estimators,ECIGravitationEstimator,0,200,0,2,0,40,0,19,0,18
com.irurueta:irurueta-navigation-inertial,com.irurueta.navigation.inertial.estimators,BodyMagneticFluxDensityEstimator,1,278,0,0,1,65,0,15,0,15
com.irurueta:irurueta-navigation-inertial,com.irurueta.navigation.inertial.estimators,NEDKinematicsEstimator,85,2790,1,11,18,480,9,186,8,181
com.irurueta:irurueta-navigation-inertial,com.irurueta.navigation.inertial.estimators,ECIKinematicsEstimator,2,1175,2,10,1,208,2,61,0,57
com.irurueta:irurueta-navigation-inertial,com.irurueta.navigation.inertial.estimators,ECEFGravityEstimator,0,208,0,2,0,45,0,19,0,18
com.irurueta:irurueta-navigation-inertial,com.irurueta.navigation.inertial.estimators,AttitudeEstimator,0,856,0,0,0,160,0,57,0,57
com.irurueta:irurueta-navigation-inertial,com.irurueta.navigation.inertial.estimators,RadiiOfCurvatureEstimator,0,77,0,0,0,22,0,9,0,9
com.irurueta:irurueta-navigation-inertial,com.irurueta.navigation.inertial.estimators,LevelingEstimator2,1,198,0,0,1,49,0,9,0,9
com.irurueta:irurueta-navigation-inertial,com.irurueta.navigation.inertial.estimators,NEDVelocityEstimator,0,1138,0,2,0,213,0,94,0,93
com.irurueta:irurueta-navigation-inertial,com.irurueta.navigation.inertial.estimators,NEDPositionEstimator,0,1027,0,2,0,179,0,78,0,77
com.irurueta:irurueta-navigation-inertial,com.irurueta.navigation.inertial.estimators,LevelingEstimator,0,518,0,0,0,110,0,42,0,42
com.irurueta:irurueta-navigation-inertial,com.irurueta.navigation.inertial.estimators,ECEFKinematicsEstimator,2,1845,1,11,1,322,1,110,0,105
com.irurueta:irurueta-navigation-inertial,com.irurueta.navigation.inertial.estimators,NEDGravityEstimator,0,175,0,0,0,41,0,19,0,19
com.irurueta:irurueta-navigation-inertial,com.irurueta.navigation.inertial.calibration.accelerometer,MSACRobustKnownBiasAndFrameAccelerometerCalibrator.new MSACRobustEstimatorListener() {...},0,66,2,2,0,16,2,11,0,11
com.irurueta:irurueta-navigation-inertial,com.irurueta.navigation.inertial.calibration.accelerometer,PROMedSRobustKnownBiasAndPositionAccelerometerCalibrator,22,943,4,20,7,220,4,90,0,82
com.irurueta:irurueta-navigation-inertial,com.irurueta.navigation.inertial.calibration.accelerometer,PROMedSRobustKnownBiasAndGravityNormAccelerometerCalibrator,26,945,5,19,8,221,5,90,0,83
com.irurueta:irurueta-navigation-inertial,com.irurueta.navigation.inertial.calibration.accelerometer,LMedSRobustKnownPositionAccelerometerCalibrator.new LMedSRobustEstimatorListener() {...},12,50,3,1,3,12,3,9,1,9
com.irurueta:irurueta-navigation-inertial,com.irurueta.navigation.inertial.calibration.accelerometer,PROSACRobustKnownBiasAndFrameAccelerometerCalibrator.new PROSACRobustEstimatorListener() {...},12,58,3,1,3,14,3,11,1,11
com.irurueta:irurueta-navigation-inertial,com.irurueta.navigation.inertial.calibration.accelerometer,PROMedSRobustKnownPositionAccelerometerCalibrator.new PROMedSRobustEstimatorListener() {...},12,58,3,1,3,14,3,11,1,11
com.irurueta:irurueta-navigation-inertial,com.irurueta.navigation.inertial.calibration.accelerometer,RANSACRobustKnownBiasAndPositionAccelerometerCalibrator,22,774,5,19,7,125,5,57,0,50
com.irurueta:irurueta-navigation-inertial,com.irurueta.navigation.inertial.calibration.accelerometer,KnownGravityNormAccelerometerCalibrator,0,2439,0,4,0,475,0,238,0,236
com.irurueta:irurueta-navigation-inertial,com.irurueta.navigation.inertial.calibration.accelerometer,MSACRobustKnownBiasAndPositionAccelerometerCalibrator,22,478,3,9,7,111,3,49,0,46
com.irurueta:irurueta-navigation-inertial,com.irurueta.navigation.inertial.calibration.accelerometer,LMedSRobustKnownBiasAndFrameAccelerometerCalibrator,22,459,3,9,7,109,3,48,0,45
com.irurueta:irurueta-navigation-inertial,com.irurueta.navigation.inertial.calibration.accelerometer,PROSACRobustKnownFrameAccelerometerCalibrator.new PROSACRobustEstimatorListener() {...},12,58,3,1,3,14,3,11,1,11
com.irurueta:irurueta-navigation-inertial,com.irurueta.navigation.inertial.calibration.accelerometer,RANSACRobustKnownBiasAndFrameAccelerometerCalibrator,22,745,5,19,7,122,5,56,0,49
com.irurueta:irurueta-navigation-inertial,com.irurueta.navigation.inertial.calibration.accelerometer,MSACRobustKnownFrameAccelerometerCalibrator,22,151,3,9,7,44,3,16,0,13
com.irurueta:irurueta-navigation-inertial,com.irurueta.navigation.inertial.calibration.accelerometer,BaseBiasGravityNormAccelerometerCalibrator.new LevenbergMarquardtMultiDimensionFunctionEvaluator() {...},0,78,0,6,0,15,0,7,0,4
com.irurueta:irurueta-navigation-inertial,com.irurueta.navigation.inertial.calibration.accelerometer,BaseBiasGravityNormAccelerometerCalibrator.new MultiDimensionFunctionEvaluatorListener() {...},0,11,0,0,0,2,0,2,0,2
com.irurueta:irurueta-navigation-inertial,com.irurueta.navigation.inertial.calibration.accelerometer,BaseBiasGravityNormAccelerometerCalibrator.new LevenbergMarquardtMultiDimensionFunctionEvaluator() {...},0,49,0,0,0,8,0,4,0,4
com.irurueta:irurueta-navigation-inertial,com.irurueta.navigation.inertial.calibration.accelerometer,BaseBiasGravityNormAccelerometerCalibrator.new MultiDimensionFunctionEvaluatorListener() {...},0,11,0,0,0,2,0,2,0,2
com.irurueta:irurueta-navigation-inertial,com.irurueta.navigation.inertial.calibration.accelerometer,RANSACRobustKnownPositionAccelerometerCalibrator,22,774,5,19,7,125,5,57,0,50
com.irurueta:irurueta-navigation-inertial,com.irurueta.navigation.inertial.calibration.accelerometer,RANSACRobustKnownBiasAndGravityNormAccelerometerCalibrator,22,770,5,19,7,124,5,57,0,50
com.irurueta:irurueta-navigation-inertial,com.irurueta.navigation.inertial.calibration.accelerometer,RobustKnownBiasAndGravityNormAccelerometerCalibrator.PreliminaryResult,0,3,0,0,0,1,0,1,0,1
com.irurueta:irurueta-navigation-inertial,com.irurueta.navigation.inertial.calibration.accelerometer,PROSACRobustKnownBiasAndPositionAccelerometerCalibrator.new PROSACRobustEstimatorListener() {...},12,58,3,1,3,14,3,11,1,11
com.irurueta:irurueta-navigation-inertial,com.irurueta.navigation.inertial.calibration.accelerometer,KnownBiasAndFrameAccelerometerNonLinearLeastSquaresCalibrator,29,2198,2,110,17,579,2,211,0,157
com.irurueta:irurueta-navigation-inertial,com.irurueta.navigation.inertial.calibration.accelerometer,RANSACRobustKnownGravityNormAccelerometerCalibrator.new RANSACRobustEstimatorListener() {...},0,66,2,2,0,16,2,11,0,11
com.irurueta:irurueta-navigation-inertial,com.irurueta.navigation.inertial.calibration.accelerometer,MSACRobustKnownPositionAccelerometerCalibrator.new MSACRobustEstimatorListener() {...},0,66,2,2,0,16,2,11,0,11
com.irurueta:irurueta-navigation-inertial,com.irurueta.navigation.inertial.calibration.accelerometer,PROSACRobustKnownBiasAndGravityNormAccelerometerCalibrator,26,1436,7,29,8,234,7,98,0,87
com.irurueta:irurueta-navigation-inertial,com.irurueta.navigation.inertial.calibration.accelerometer,RANSACRobustKnownPositionAccelerometerCalibrator.new RANSACRobustEstimatorListener() {...},0,66,2,2,0,16,2,11,0,11
com.irurueta:irurueta-navigation-inertial,com.irurueta.navigation.inertial.calibration.accelerometer,LMedSRobustKnownBiasAndFrameAccelerometerCalibrator.new LMedSRobustEstimatorListener() {...},0,62,2,2,0,15,2,10,0,10
com.irurueta:irurueta-navigation-inertial,com.irurueta.navigation.inertial.calibration.accelerometer,RobustKnownGravityNormAccelerometerCalibrator,111,5895,9,587,31,1085,10,691,1,291
com.irurueta:irurueta-navigation-inertial,com.irurueta.navigation.inertial.calibration.accelerometer,RANSACRobustKnownBiasAndFrameAccelerometerCalibrator.new RANSACRobustEstimatorListener() {...},0,66,2,2,0,16,2,11,0,11
com.irurueta:irurueta-navigation-inertial,com.irurueta.navigation.inertial.calibration.accelerometer,MSACRobustKnownBiasAndGravityNormAccelerometerCalibrator,22,474,3,9,7,110,3,49,0,46
com.irurueta:irurueta-navigation-inertial,com.irurueta.navigation.inertial.calibration.accelerometer,PROMedSRobustKnownGravityNormAccelerometerCalibrator,26,945,5,19,8,221,5,90,0,83
com.irurueta:irurueta-navigation-inertial,com.irurueta.navigation.inertial.calibration.accelerometer,MSACRobustKnownPositionAccelerometerCalibrator,22,478,3,9,7,111,3,49,0,46
com.irurueta:irurueta-navigation-inertial,com.irurueta.navigation.inertial.calibration.accelerometer,LMedSRobustKnownFrameAccelerometerCalibrator,22,155,3,9,7,45,3,16,0,13
com.irurueta:irurueta-navigation-inertial,com.irurueta.navigation.inertial.calibration.accelerometer,AccelerometerCalibratorMeasurementType,0,34,0,0,0,4,0,1,0,1
com.irurueta:irurueta-navigation-inertial,com.irurueta.navigation.inertial.calibration.accelerometer,KnownPositionAccelerometerCalibrator,81,2686,2,12,79,650,2,246,0,241
com.irurueta:irurueta-navigation-inertial,com.irurueta.navigation.inertial.calibration.accelerometer,KnownBiasAndPositionAccelerometerCalibrator,81,2686,2,12,79,650,2,246,0,241
com.irurueta:irurueta-navigation-inertial,com.irurueta.navigation.inertial.calibration.accelerometer,BaseGravityNormAccelerometerCalibrator.new MultiDimensionFunctionEvaluatorListener() {...},0,11,0,0,0,2,0,2,0,2
com.irurueta:irurueta-navigation-inertial,com.irurueta.navigation.inertial.calibration.accelerometer,BaseGravityNormAccelerometerCalibrator.new MultiDimensionFunctionEvaluatorListener() {...},0,11,0,0,0,2,0,2,0,2
com.irurueta:irurueta-navigation-inertial,com.irurueta.navigation.inertial.calibration.accelerometer,BaseGravityNormAccelerometerCalibrator.new LevenbergMarquardtMultiDimensionFunctionEvaluator() {...},0,86,0,4,0,14,0,6,0,4
com.irurueta:irurueta-navigation-inertial,com.irurueta.navigation.inertial.calibration.accelerometer,BaseGravityNormAccelerometerCalibrator.new LevenbergMarquardtMultiDimensionFunctionEvaluator() {...},0,95,0,8,0,17,0,8,0,4
com.irurueta:irurueta-navigation-inertial,com.irurueta.navigation.inertial.calibration.accelerometer,KnownBiasAndFrameAccelerometerLinearLeastSquaresCalibrator,15,1391,1,77,7,354,1,116,0,78
com.irurueta:irurueta-navigation-inertial,com.irurueta.navigation.inertial.calibration.accelerometer,RobustKnownBiasAndFrameAccelerometerCalibrator,28,5416,2,518,14,995,2,631,0,259
com.irurueta:irurueta-navigation-inertial,com.irurueta.navigation.inertial.calibration.accelerometer,RobustKnownBiasAndPositionAccelerometerCalibrator,52,5455,6,515,21,973,6,621,0,257
com.irurueta:irurueta-navigation-inertial,com.irurueta.navigation.inertial.calibration.accelerometer,PROMedSRobustKnownFrameAccelerometerCalibrator.new PROMedSRobustEstimatorListener() {...},12,58,3,1,3,14,3,11,1,11
com.irurueta:irurueta-navigation-inertial,com.irurueta.navigation.inertial.calibration.accelerometer,LMedSRobustKnownBiasAndGravityNormAccelerometerCalibrator.new LMedSRobustEstimatorListener() {...},12,50,3,1,3,12,3,9,1,9
com.irurueta:irurueta-navigation-inertial,com.irurueta.navigation.inertial.calibration.accelerometer,PROMedSRobustKnownBiasAndFrameAccelerometerCalibrator,22,839,6,18,7,228,6,91,0,85
com.irurueta:irurueta-navigation-inertial,com.irurueta.navigation.inertial.calibration.accelerometer,RobustKnownGravityNormAccelerometerCalibrator.PreliminaryResult,0,3,0,0,0,1,0,1,0,1
com.irurueta:irurueta-navigation-inertial,com.irurueta.navigation.inertial.calibration.accelerometer,RobustKnownBiasAndPositionAccelerometerCalibrator.PreliminaryResult,0,3,0,0,0,1,0,1,0,1
com.irurueta:irurueta-navigation-inertial,com.irurueta.navigation.inertial.calibration.accelerometer,RANSACRobustKnownFrameAccelerometerCalibrator,22,249,5,19,7,58,5,24,0,17
com.irurueta:irurueta-navigation-inertial,com.irurueta.navigation.inertial.calibration.accelerometer,RobustKnownPositionAccelerometerCalibrator.PreliminaryResult,0,3,0,0,0,1,0,1,0,1
com.irurueta:irurueta-navigation-inertial,com.irurueta.navigation.inertial.calibration.accelerometer,PROSACRobustKnownBiasAndFrameAccelerometerCalibrator,22,1126,8,28,7,241,8,99,0,89
com.irurueta:irurueta-navigation-inertial,com.irurueta.navigation.inertial.calibration.accelerometer,KnownFrameAccelerometerLinearLeastSquaresCalibrator,10,992,1,73,3,238,1,86,0,50
com.irurueta:irurueta-navigation-inertial,com.irurueta.navigation.inertial.calibration.accelerometer,RANSACRobustKnownBiasAndGravityNormAccelerometerCalibrator.new RANSACRobustEstimatorListener() {...},0,66,2,2,0,16,2,11,0,11
com.irurueta:irurueta-navigation-inertial,com.irurueta.navigation.inertial.calibration.accelerometer,PROSACRobustKnownGravityNormAccelerometerCalibrator.new PROSACRobustEstimatorListener() {...},12,58,3,1,3,14,3,11,1,11
com.irurueta:irurueta-navigation-inertial,com.irurueta.navigation.inertial.calibration.accelerometer,PROSACRobustKnownPositionAccelerometerCalibrator.new PROSACRobustEstimatorListener() {...},12,58,3,1,3,14,3,11,1,11
com.irurueta:irurueta-navigation-inertial,com.irurueta.navigation.inertial.calibration.accelerometer,LMedSRobustKnownBiasAndPositionAccelerometerCalibrator,22,482,3,9,7,112,3,49,0,46
com.irurueta:irurueta-navigation-inertial,com.irurueta.navigation.inertial.calibration.accelerometer,PROSACRobustKnownBiasAndGravityNormAccelerometerCalibrator.new PROSACRobustEstimatorListener() {...},12,58,3,1,3,14,3,11,1,11
com.irurueta:irurueta-navigation-inertial,com.irurueta.navigation.inertial.calibration.accelerometer,LMedSRobustKnownGravityNormAccelerometerCalibrator.new LMedSRobustEstimatorListener() {...},12,50,3,1,3,12,3,9,1,9
com.irurueta:irurueta-navigation-inertial,com.irurueta.navigation.inertial.calibration.accelerometer,KnownFrameAccelerometerNonLinearLeastSquaresCalibrator.new LevenbergMarquardtMultiVariateFunctionEvaluator() {...},0,382,0,0,0,72,0,5,0,5
com.irurueta:irurueta-navigation-inertial,com.irurueta.navigation.inertial.calibration.accelerometer,RANSACRobustKnownFrameAccelerometerCalibrator.new RANSACRobustEstimatorListener() {...},0,66,2,2,0,16,2,11,0,11
com.irurueta:irurueta-navigation-inertial,com.irurueta.navigation.inertial.calibration.accelerometer,KnownFrameAccelerometerNonLinearLeastSquaresCalibrator.new LevenbergMarquardtMultiVariateFunctionEvaluator() {...},0,295,0,0,0,57,0,5,0,5
com.irurueta:irurueta-navigation-inertial,com.irurueta.navigation.inertial.calibration.accelerometer,KnownFrameAccelerometerNonLinearLeastSquaresCalibrator,29,2789,3,181,17,716,3,283,0,194
com.irurueta:irurueta-navigation-inertial,com.irurueta.navigation.inertial.calibration.accelerometer,RobustKnownFrameAccelerometerCalibrator,40,2702,3,285,16,634,3,339,0,174
com.irurueta:irurueta-navigation-inertial,com.irurueta.navigation.inertial.calibration.accelerometer,MSACRobustKnownBiasAndPositionAccelerometerCalibrator.new MSACRobustEstimatorListener() {...},0,66,2,2,0,16,2,11,0,11
com.irurueta:irurueta-navigation-inertial,com.irurueta.navigation.inertial.calibration.accelerometer,PROMedSRobustKnownPositionAccelerometerCalibrator,22,943,4,20,7,220,4,90,0,82
com.irurueta:irurueta-navigation-inertial,com.irurueta.navigation.inertial.calibration.accelerometer,MSACRobustKnownBiasAndFrameAccelerometerCalibrator,22,455,3,9,7,108,3,48,0,45
com.irurueta:irurueta-navigation-inertial,com.irurueta.navigation.inertial.calibration.accelerometer,LMedSRobustKnownPositionAccelerometerCalibrator,22,482,3,9,7,112,3,49,0,46
com.irurueta:irurueta-navigation-inertial,com.irurueta.navigation.inertial.calibration.accelerometer,MSACRobustKnownBiasAndGravityNormAccelerometerCalibrator.new MSACRobustEstimatorListener() {...},0,66,2,2,0,16,2,11,0,11
com.irurueta:irurueta-navigation-inertial,com.irurueta.navigation.inertial.calibration.accelerometer,RANSACRobustKnownGravityNormAccelerometerCalibrator,22,770,5,19,7,124,5,57,0,50
com.irurueta:irurueta-navigation-inertial,com.irurueta.navigation.inertial.calibration.accelerometer,LMedSRobustKnownFrameAccelerometerCalibrator.new LMedSRobustEstimatorListener() {...},0,62,2,2,0,15,2,10,0,10
com.irurueta:irurueta-navigation-inertial,com.irurueta.navigation.inertial.calibration.accelerometer,MSACRobustKnownGravityNormAccelerometerCalibrator,22,474,3,9,7,110,3,49,0,46
com.irurueta:irurueta-navigation-inertial,com.irurueta.navigation.inertial.calibration.accelerometer,PROMedSRobustKnownBiasAndGravityNormAccelerometerCalibrator.new PROMedSRobustEstimatorListener() {...},12,58,3,1,3,14,3,11,1,11
com.irurueta:irurueta-navigation-inertial,com.irurueta.navigation.inertial.calibration.accelerometer,PROSACRobustKnownFrameAccelerometerCalibrator,22,426,8,28,7,93,8,39,0,29
com.irurueta:irurueta-navigation-inertial,com.irurueta.navigation.inertial.calibration.accelerometer,BaseBiasGravityNormAccelerometerCalibrator,31,3509,2,134,18,891,2,311,0,245
com.irurueta:irurueta-navigation-inertial,com.irurueta.navigation.inertial.calibration.accelerometer,RobustKnownPositionAccelerometerCalibrator,137,5882,10,577,34,1082,11,684,1,291
com.irurueta:irurueta-navigation-inertial,com.irurueta.navigation.inertial.calibration.accelerometer,KnownBiasAndGravityNormAccelerometerCalibrator,0,2439,0,4,0,475,0,238,0,236
com.irurueta:irurueta-navigation-inertial,com.irurueta.navigation.inertial.calibration.accelerometer,MSACRobustKnownGravityNormAccelerometerCalibrator.new MSACRobustEstimatorListener() {...},0,66,2,2,0,16,2,11,0,11
com.irurueta:irurueta-navigation-inertial,com.irurueta.navigation.inertial.calibration.accelerometer,PROSACRobustKnownGravityNormAccelerometerCalibrator,26,1436,7,29,8,234,7,98,0,87
com.irurueta:irurueta-navigation-inertial,com.irurueta.navigation.inertial.calibration.accelerometer,BaseGravityNormAccelerometerCalibrator,31,4337,2,202,18,1079,2,380,0,280
com.irurueta:irurueta-navigation-inertial,com.irurueta.navigation.inertial.calibration.accelerometer,RANSACRobustKnownBiasAndPositionAccelerometerCalibrator.new RANSACRobustEstimatorListener() {...},0,66,2,2,0,16,2,11,0,11
com.irurueta:irurueta-navigation-inertial,com.irurueta.navigation.inertial.calibration.accelerometer,PROSACRobustKnownPositionAccelerometerCalibrator,22,1428,6,30,7,233,6,98,0,86
com.irurueta:irurueta-navigation-inertial,com.irurueta.navigation.inertial.calibration.accelerometer,PROMedSRobustKnownFrameAccelerometerCalibrator,22,283,6,18,7,80,6,31,0,25
com.irurueta:irurueta-navigation-inertial,com.irurueta.navigation.inertial.calibration.accelerometer,PROSACRobustKnownBiasAndPositionAccelerometerCalibrator,22,1428,6,30,7,233,6,98,0,86
com.irurueta:irurueta-navigation-inertial,com.irurueta.navigation.inertial.calibration.accelerometer,LMedSRobustKnownBiasAndGravityNormAccelerometerCalibrator,22,478,3,9,7,111,3,49,0,46
com.irurueta:irurueta-navigation-inertial,com.irurueta.navigation.inertial.calibration.accelerometer,KnownBiasAndFrameAccelerometerNonLinearLeastSquaresCalibrator.new LevenbergMarquardtMultiVariateFunctionEvaluator() {...},0,313,0,0,0,57,0,5,0,5
com.irurueta:irurueta-navigation-inertial,com.irurueta.navigation.inertial.calibration.accelerometer,KnownBiasAndFrameAccelerometerNonLinearLeastSquaresCalibrator.new LevenbergMarquardtMultiVariateFunctionEvaluator() {...},0,226,0,0,0,42,0,5,0,5
com.irurueta:irurueta-navigation-inertial,com.irurueta.navigation.inertial.calibration.accelerometer,LMedSRobustKnownGravityNormAccelerometerCalibrator,22,478,3,9,7,111,3,49,0,46
com.irurueta:irurueta-navigation-inertial,com.irurueta.navigation.inertial.calibration.accelerometer,PROMedSRobustKnownBiasAndFrameAccelerometerCalibrator.new PROMedSRobustEstimatorListener() {...},12,58,3,1,3,14,3,11,1,11
com.irurueta:irurueta-navigation-inertial,com.irurueta.navigation.inertial.calibration.accelerometer,RobustKnownFrameAccelerometerCalibrator.PreliminaryResult,0,3,0,0,0,1,0,1,0,1
com.irurueta:irurueta-navigation-inertial,com.irurueta.navigation.inertial.calibration.accelerometer,PROMedSRobustKnownGravityNormAccelerometerCalibrator.new PROMedSRobustEstimatorListener() {...},12,58,3,1,3,14,3,11,1,11
com.irurueta:irurueta-navigation-inertial,com.irurueta.navigation.inertial.calibration.accelerometer,PROMedSRobustKnownBiasAndPositionAccelerometerCalibrator.new PROMedSRobustEstimatorListener() {...},0,70,2,2,0,17,2,12,0,12
com.irurueta:irurueta-navigation-inertial,com.irurueta.navigation.inertial.calibration.accelerometer,RobustKnownBiasAndGravityNormAccelerometerCalibrator,48,5446,7,523,20,974,7,626,0,257
com.irurueta:irurueta-navigation-inertial,com.irurueta.navigation.inertial.calibration.accelerometer,MSACRobustKnownFrameAccelerometerCalibrator.new MSACRobustEstimatorListener() {...},0,66,2,2,0,16,2,11,0,11
com.irurueta:irurueta-navigation-inertial,com.irurueta.navigation.inertial.calibration.accelerometer,LMedSRobustKnownBiasAndPositionAccelerometerCalibrator.new LMedSRobustEstimatorListener() {...},12,50,3,1,3,12,3,9,1,9
